<?xml version="1.0" encoding="UTF-8"?>
<!-- Generated by org.testng.reporters.JUnitReportReporter -->
<testsuite name="Linkedin.Outlook.GetLinkedinEmailFromOutlook" tests="1" time="22.959" ignored="0" failures="0" timestamp="19 Dec 2018 15:21:07 GMT" skipped="0" hostname="Shailesh-PC" errors="0">
  <testcase name="setup" time="22.959" classname="Linkedin.Outlook.GetLinkedinEmailFromOutlook"/>
</testsuite> <!-- Linkedin.Outlook.GetLinkedinEmailFromOutlook -->
