<?xml version="1.0" encoding="UTF-8"?>
<!-- Generated by org.testng.reporters.JUnitReportReporter -->
<testsuite name="Linkedin.Outlook.GetLinkeDinDataIntoExcel" tests="1" time="14.198" ignored="0" failures="0" timestamp="19 Dec 2018 15:21:07 GMT" skipped="0" hostname="Shailesh-PC" errors="0">
  <testcase name="setup" time="14.198" classname="Linkedin.Outlook.GetLinkeDinDataIntoExcel"/>
</testsuite> <!-- Linkedin.Outlook.GetLinkeDinDataIntoExcel -->
